<?xml version="1.0" encoding="UTF-8"?>
<!-- Generated by org.testng.reporters.JUnitReportReporter -->
<testsuite hostname="Mithuns-MacBook-Air-2.local" failures="0" tests="1" name="restAssuredTests.RestAssured_Assignment_004" time="1.423" errors="0" timestamp="17 Nov 2022 10:52:49 GMT" skipped="0">
  <testcase classname="restAssuredTests.RestAssured_Assignment_004" name="doPOSTRESTCall" time="1.423"/>
</testsuite> <!-- restAssuredTests.RestAssured_Assignment_004 -->
