<?xml version="1.0" encoding="UTF-8"?>
<!-- Generated by org.testng.reporters.JUnitReportReporter -->
<testsuite hostname="Mithuns-MacBook-Air-2.local" failures="0" tests="3" name="stepDef.RestAssuredTask" time="16.637" errors="0" timestamp="15 Sep 2022 14:14:42 GMT" skipped="0">
  <testcase classname="stepDef.RestAssuredTask" name="Rest_Assured_Assignment_001" time="7.542"/>
  <testcase classname="stepDef.RestAssuredTask" name="Rest_Assured_Assignment_003" time="4.555"/>
  <testcase classname="stepDef.RestAssuredTask" name="Rest_Assured_Assignment_002" time="4.540"/>
</testsuite> <!-- stepDef.RestAssuredTask -->
