<?xml version="1.0" encoding="UTF-8"?>
<!-- Generated by org.testng.reporters.JUnitReportReporter -->
<testsuite hostname="Mithuns-MacBook-Air-2.local" failures="0" tests="3" name="stepDef.RestAssuredTask" time="21.420" errors="0" timestamp="15 Sep 2022 14:06:00 GMT" skipped="0">
  <testcase classname="stepDef.RestAssuredTask" name="Rest_Assured_Assignment_003" time="6.213"/>
  <testcase classname="stepDef.RestAssuredTask" name="Rest_Assured_Assignment_001" time="9.004"/>
  <testcase classname="stepDef.RestAssuredTask" name="Rest_Assured_Assignment_002" time="6.203"/>
</testsuite> <!-- stepDef.RestAssuredTask -->
