<?xml version="1.0" encoding="UTF-8"?>
<!-- Generated by org.testng.reporters.JUnitReportReporter -->
<testsuite hostname="Mithuns-MacBook-Air-2.local" failures="0" tests="1" name="stepDef.StarHealth_testNG_Home" time="25.749" errors="0" timestamp="17 Nov 2022 10:52:49 GMT" skipped="0">
  <testcase classname="stepDef.StarHealth_testNG_Home" name="starhealth001_HomePageValidation" time="25.749"/>
</testsuite> <!-- stepDef.StarHealth_testNG_Home -->
