<?xml version="1.0" encoding="UTF-8"?>
<!-- Generated by org.testng.reporters.JUnitReportReporter -->
<testsuite hostname="Mithuns-MacBook-Air-2.local" failures="0" tests="1" name="restAssuredTests.RestAssured_Assignment_003" time="2.740" errors="0" timestamp="17 Nov 2022 10:52:49 GMT" skipped="0">
  <testcase classname="restAssuredTests.RestAssured_Assignment_003" name="RA_Assign_004" time="2.740"/>
</testsuite> <!-- restAssuredTests.RestAssured_Assignment_003 -->
